<?xml version="1.0" encoding="UTF-8"?>
<testsuite xmlns:xsi="http://www.w3.org/2001/XMLSchema-instance" xsi:noNamespaceSchemaLocation="https://maven.apache.org/surefire/maven-surefire-plugin/xsd/surefire-test-report.xsd" name="com.sap.transportTest.C02EmissionCalcTest" time="0.161" tests="5" errors="0" skipped="0" failures="5">
  <properties>
[...]
</properties>
  <testcase name="mediumdieselcartest" classname="com.sap.transportTest.C02EmissionCalcTest" time="0.044">
    <failure message="expected: &lt;2.6kg&gt; but was: &lt;2.6&gt;" type="org.opentest4j.AssertionFailedError"><![CDATA[org.opentest4j.AssertionFailedError: expected: <2.6kg> but was: <2.6>
	at com.sap.transportTest.C02EmissionCalcTest.mediumdieselcartest(C02EmissionCalcTest.java:16)
]]></failure>
  </testcase>
  <testcase name="trainmeteroutputkgtest" classname="com.sap.transportTest.C02EmissionCalcTest" time="0">
    <failure message="expected: &lt;0.1kg&gt; but was: &lt;87.0&gt;" type="org.opentest4j.AssertionFailedError"><![CDATA[org.opentest4j.AssertionFailedError: expected: <0.1kg> but was: <87.0>
	at com.sap.transportTest.C02EmissionCalcTest.trainmeteroutputkgtest(C02EmissionCalcTest.java:40)
]]></failure>
  </testcase>
  <testcase name="dieselcarequalstotest" classname="com.sap.transportTest.C02EmissionCalcTest" time="0.003">
    <failure message="expected: &lt;2.6kg&gt; but was: &lt;2.6&gt;" type="org.opentest4j.AssertionFailedError"><![CDATA[org.opentest4j.AssertionFailedError: expected: <2.6kg> but was: <2.6>
	at com.sap.transportTest.C02EmissionCalcTest.dieselcarequalstotest(C02EmissionCalcTest.java:49)
]]></failure>
  </testcase>
  <testcase name="largepetrolcartest" classname="com.sap.transportTest.C02EmissionCalcTest" time="0.008">
    <failure message="expected: &lt;507.7kg&gt; but was: &lt;507.7&gt;" type="org.opentest4j.AssertionFailedError"><![CDATA[org.opentest4j.AssertionFailedError: expected: <507.7kg> but was: <507.7>
	at com.sap.transportTest.C02EmissionCalcTest.largepetrolcartest(C02EmissionCalcTest.java:24)
]]></failure>
  </testcase>
  <testcase name="trainmetertest" classname="com.sap.transportTest.C02EmissionCalcTest" time="0.019">
    <failure message="expected: &lt;87g&gt; but was: &lt;87.0&gt;" type="org.opentest4j.AssertionFailedError"><![CDATA[org.opentest4j.AssertionFailedError: expected: <87g> but was: <87.0>
	at com.sap.transportTest.C02EmissionCalcTest.trainmetertest(C02EmissionCalcTest.java:32)
]]></failure>
  </testcase>
</testsuite>