<?xml version="1.0" encoding="UTF-8"?>
<testsuite xmlns:xsi="http://www.w3.org/2001/XMLSchema-instance" xsi:noNamespaceSchemaLocation="https://maven.apache.org/surefire/maven-surefire-plugin/xsd/surefire-test-report.xsd" name="com.sap.transportTest.C02EmissionCalcTest" time="0.105" tests="10" errors="0" skipped="0" failures="0">
  <properties>
[...]
</properties>
  <testcase name="mediumdieselcartest" classname="com.sap.transportTest.C02EmissionCalcTest" time="0.046"/>
  <testcase name="trainmeteroutputkgtest" classname="com.sap.transportTest.C02EmissionCalcTest" time="0.002"/>
  <testcase name="dieselcarequalstotest" classname="com.sap.transportTest.C02EmissionCalcTest" time="0.001"/>
  <testcase name="TestInstancesTransportFactory" classname="com.sap.transportTest.C02EmissionCalcTest" time="0.025"/>
  <testcase name="trainkmoutputdefgmtest" classname="com.sap.transportTest.C02EmissionCalcTest" time="0"/>
  <testcase name="trainkmoutputdefkgtest" classname="com.sap.transportTest.C02EmissionCalcTest" time="0"/>
  <testcase name="trainmeteroutputgramtest" classname="com.sap.transportTest.C02EmissionCalcTest" time="0"/>
  <testcase name="largepetrolcartest" classname="com.sap.transportTest.C02EmissionCalcTest" time="0.001"/>
  <testcase name="trainmetertest" classname="com.sap.transportTest.C02EmissionCalcTest" time="0"/>
  <testcase name="trainkmoutputgmtest" classname="com.sap.transportTest.C02EmissionCalcTest" time="0.001"/>
</testsuite>